[INFO] Scanning for projects...
[INFO] 
[INFO] -----------------------< com.example:car-rental >-----------------------
[INFO] Building car-rental 0.0.1-SNAPSHOT
[INFO]   from pom.xml
[INFO] --------------------------------[ jar ]---------------------------------
[INFO] 
[INFO] >>> spring-boot:3.2.2:run (default-cli) > test-compile @ car-rental >>>
[INFO] 
[INFO] --- resources:3.3.1:resources (default-resources) @ car-rental ---
[INFO] Copying 1 resource from src\main\resources to target\classes
[INFO] Copying 0 resource from src\main\resources to target\classes
[INFO] 
[INFO] --- compiler:3.11.0:compile (default-compile) @ car-rental ---
[INFO] Nothing to compile - all classes are up to date
[INFO] 
[INFO] --- resources:3.3.1:testResources (default-testResources) @ car-rental ---
[INFO] skip non existing resourceDirectory C:\Users\Dell\Desktop\loccation-voiture\back-end\src\test\resources
[INFO] 
[INFO] --- compiler:3.11.0:testCompile (default-testCompile) @ car-rental ---
[INFO] No sources to compile
[INFO] 
[INFO] <<< spring-boot:3.2.2:run (default-cli) < test-compile @ car-rental <<<
[INFO] 
[INFO] 
[INFO] --- spring-boot:3.2.2:run (default-cli) @ car-rental ---
[INFO] Attaching agents: []

  .   ____          _            __ _ _
 /\\ / ___'_ __ _ _(_)_ __  __ _ \ \ \ \
( ( )\___ | '_ | '_| | '_ \/ _` | \ \ \ \
 \\/  ___)| |_)| | | | | || (_| |  ) ) ) )
  '  |____| .__|_| |_|_| |_\__, | / / / /
 =========|_|==============|___/=/_/_/_/
 :: Spring Boot ::                (v3.2.2)

2026-02-01T11:27:25.717+01:00  INFO 30388 --- [           main] c.e.carrental.CarRentalApplication       : Starting CarRentalApplication using Java 23.0.2 with PID 30388 (C:\Users\Dell\Desktop\loccation-voiture\back-end\target\classes started by Dell in C:\Users\Dell\Desktop\loccation-voiture\back-end)
2026-02-01T11:27:25.727+01:00  INFO 30388 --- [           main] c.e.carrental.CarRentalApplication       : No active profile set, falling back to 1 default profile: "default"
2026-02-01T11:27:26.306+01:00  INFO 30388 --- [           main] .s.d.r.c.RepositoryConfigurationDelegate : Bootstrapping Spring Data JPA repositories in DEFAULT mode.
2026-02-01T11:27:26.361+01:00  INFO 30388 --- [           main] .s.d.r.c.RepositoryConfigurationDelegate : Finished Spring Data repository scanning in 48 ms. Found 3 JPA repository interfaces.
2026-02-01T11:27:26.833+01:00  INFO 30388 --- [           main] o.s.b.w.embedded.tomcat.TomcatWebServer  : Tomcat initialized with port 8080 (http)
2026-02-01T11:27:26.841+01:00  INFO 30388 --- [           main] o.apache.catalina.core.StandardService   : Starting service [Tomcat]
2026-02-01T11:27:26.841+01:00  INFO 30388 --- [           main] o.apache.catalina.core.StandardEngine    : Starting Servlet engine: [Apache Tomcat/10.1.18]
2026-02-01T11:27:26.886+01:00  INFO 30388 --- [           main] o.a.c.c.C.[Tomcat].[localhost].[/]       : Initializing Spring embedded WebApplicationContext
2026-02-01T11:27:26.886+01:00  INFO 30388 --- [           main] w.s.c.ServletWebServerApplicationContext : Root WebApplicationContext: initialization completed in 1109 ms
2026-02-01T11:27:26.997+01:00  INFO 30388 --- [           main] o.hibernate.jpa.internal.util.LogHelper  : HHH000204: Processing PersistenceUnitInfo [name: default]
2026-02-01T11:27:27.037+01:00  INFO 30388 --- [           main] org.hibernate.Version                    : HHH000412: Hibernate ORM core version 6.4.1.Final
2026-02-01T11:27:27.062+01:00  INFO 30388 --- [           main] o.h.c.internal.RegionFactoryInitiator    : HHH000026: Second-level cache disabled
2026-02-01T11:27:27.228+01:00  INFO 30388 --- [           main] o.s.o.j.p.SpringPersistenceUnitInfo      : No LoadTimeWeaver setup: ignoring JPA class transformer
2026-02-01T11:27:27.246+01:00  INFO 30388 --- [           main] com.zaxxer.hikari.HikariDataSource       : HikariPool-1 - Starting...
2026-02-01T11:27:27.372+01:00  INFO 30388 --- [           main] com.zaxxer.hikari.pool.HikariPool        : HikariPool-1 - Added connection com.mysql.cj.jdbc.ConnectionImpl@892af0e
2026-02-01T11:27:27.374+01:00  INFO 30388 --- [           main] com.zaxxer.hikari.HikariDataSource       : HikariPool-1 - Start completed.
2026-02-01T11:27:27.404+01:00  WARN 30388 --- [           main] org.hibernate.dialect.Dialect            : HHH000511: The 5.5.0 version for [org.hibernate.dialect.MySQLDialect] is no longer supported, hence certain features may not work properly. The minimum supported version is 8.0.0. Check the community dialects project for available legacy versions.
2026-02-01T11:27:27.405+01:00  WARN 30388 --- [           main] org.hibernate.orm.deprecation            : HHH90000025: MySQLDialect does not need to be specified explicitly using 'hibernate.dialect' (remove the property setting and it will be selected by default)
2026-02-01T11:27:28.091+01:00  INFO 30388 --- [           main] o.h.e.t.j.p.i.JtaPlatformInitiator       : HHH000489: No JTA platform available (set 'hibernate.transaction.jta.platform' to enable JTA platform integration)
2026-02-01T11:27:28.154+01:00  INFO 30388 --- [           main] j.LocalContainerEntityManagerFactoryBean : Initialized JPA EntityManagerFactory for persistence unit 'default'
2026-02-01T11:27:28.583+01:00  WARN 30388 --- [           main] JpaBaseConfiguration$JpaWebConfiguration : spring.jpa.open-in-view is enabled by default. Therefore, database queries may be performed during view rendering. Explicitly configure spring.jpa.open-in-view to disable this warning
2026-02-01T11:27:28.840+01:00  INFO 30388 --- [           main] o.s.s.web.DefaultSecurityFilterChain     : Will secure any request with [org.springframework.security.web.session.DisableEncodeUrlFilter@7dd847a2, org.springframework.security.web.context.request.async.WebAsyncManagerIntegrationFilter@75b25ec3, org.springframework.security.web.context.SecurityContextHolderFilter@7b55f0a6, org.springframework.security.web.header.HeaderWriterFilter@35217e0, org.springframework.web.filter.CorsFilter@69e736bf, org.springframework.security.web.authentication.logout.LogoutFilter@21251e43, com.example.carrental.security.jwt.AuthTokenFilter@4c6fabba, org.springframework.security.web.savedrequest.RequestCacheAwareFilter@1016b44e, org.springframework.security.web.servletapi.SecurityContextHolderAwareRequestFilter@6c6c93f8, org.springframework.security.web.authentication.AnonymousAuthenticationFilter@6b60d99c, org.springframework.security.web.session.SessionManagementFilter@7ec75228, org.springframework.security.web.access.ExceptionTranslationFilter@7568134c, org.springframework.security.web.access.intercept.AuthorizationFilter@2c7607e5]
2026-02-01T11:27:29.061+01:00  INFO 30388 --- [           main] o.s.b.w.embedded.tomcat.TomcatWebServer  : Tomcat started on port 8080 (http) with context path ''
2026-02-01T11:27:29.070+01:00  INFO 30388 --- [           main] c.e.carrental.CarRentalApplication       : Started CarRentalApplication in 3.642 seconds (process running for 4.016)
Hibernate: select u1_0.id from users u1_0 where u1_0.email=? limit ?
2026-02-01T11:29:05.254+01:00  INFO 30388 --- [nio-8080-exec-1] o.a.c.c.C.[Tomcat].[localhost].[/]       : Initializing Spring DispatcherServlet 'dispatcherServlet'
2026-02-01T11:29:05.254+01:00  INFO 30388 --- [nio-8080-exec-1] o.s.web.servlet.DispatcherServlet        : Initializing Servlet 'dispatcherServlet'
2026-02-01T11:29:05.254+01:00  INFO 30388 --- [nio-8080-exec-1] o.s.web.servlet.DispatcherServlet        : Completed initialization in 0 ms
2026-02-01T11:29:05.275+01:00 ERROR 30388 --- [nio-8080-exec-1] c.e.c.security.jwt.AuthEntryPointJwt     : Unauthorized error: Full authentication is required to access this resource
